<?xml version="1.0" encoding="UTF-8"?>
<!-- Generated by org.testng.reporters.JUnitReportReporter -->
<testsuite hostname="DESKTOP-FKH366F" failures="0" tests="7" name="com.orion.qa.testcases.Test_PreApprovedTimeSheet_SubmitFunctionality" time="11.430" errors="0" timestamp="21 Jun 2018 17:15:33 GMT" skipped="0">
  <testcase classname="com.orion.qa.testcases.Test_PreApprovedTimeSheet_SubmitFunctionality" name="Test_LoginToOrion_IsSuccess" time="0.896"/>
  <testcase classname="com.orion.qa.testcases.Test_PreApprovedTimeSheet_SubmitFunctionality" name="Test_IfEditTimeSheetPage_Isdisplayed" time="2.005"/>
  <testcase classname="com.orion.qa.testcases.Test_PreApprovedTimeSheet_SubmitFunctionality" name="Test_SubmitButton_IsDisplayed" time="0.059"/>
  <testcase classname="com.orion.qa.testcases.Test_PreApprovedTimeSheet_SubmitFunctionality" name="Test_VerifyGridisDisabled" time="0.036"/>
  <testcase classname="com.orion.qa.testcases.Test_PreApprovedTimeSheet_SubmitFunctionality" name="Test_SubmitButton_InjectTestDataandVerify" time="3.948"/>
  <testcase classname="com.orion.qa.testcases.Test_PreApprovedTimeSheet_SubmitFunctionality" name="Test_IfUpdatedDataisSubmitted" time="3.947"/>
  <testcase classname="com.orion.qa.testcases.Test_PreApprovedTimeSheet_SubmitFunctionality" name="Test_LogoutfromOrion_IsSuccess" time="0.539"/>
</testsuite> <!-- com.orion.qa.testcases.Test_PreApprovedTimeSheet_SubmitFunctionality -->
