<?xml version="1.0" encoding="UTF-8"?>
<!-- Generated by org.testng.reporters.JUnitReportReporter -->
<testsuite hostname="DESKTOP-FKH366F" failures="0" tests="4" name="com.orion.qa.testcases.Test_RejectedTimeSheet_SaveFunctionality" time="34.335" errors="0" timestamp="24 Apr 2018 15:40:04 GMT" skipped="0">
  <testcase classname="com.orion.qa.testcases.Test_RejectedTimeSheet_SaveFunctionality" name="Test_LoginToOrion_IsSuccess" time="1.672"/>
  <testcase classname="com.orion.qa.testcases.Test_RejectedTimeSheet_SaveFunctionality" name="Test_IfEditTimeSheetPage_Isdisplayed" time="1.951"/>
  <testcase classname="com.orion.qa.testcases.Test_RejectedTimeSheet_SaveFunctionality" name="Test_SaveButton_IsDisplayed" time="30.129"/>
  <testcase classname="com.orion.qa.testcases.Test_RejectedTimeSheet_SaveFunctionality" name="Test_LogoutfromOrion_IsSuccess" time="0.583"/>
</testsuite> <!-- com.orion.qa.testcases.Test_RejectedTimeSheet_SaveFunctionality -->
