<?xml version="1.0" encoding="UTF-8"?>
<!-- Generated by org.testng.reporters.JUnitReportReporter -->
<testsuite hostname="DESKTOP-FKH366F" failures="0" tests="5" name="com.orion.qa.testcases.Test_DraftTimeSheet_SubmitFunctionality" time="10.004" errors="0" timestamp="17 May 2018 16:13:37 GMT" skipped="0">
  <testcase classname="com.orion.qa.testcases.Test_DraftTimeSheet_SubmitFunctionality" name="Test_LoginToOrion_IsSuccess" time="0.784"/>
  <testcase classname="com.orion.qa.testcases.Test_DraftTimeSheet_SubmitFunctionality" name="Test_IfEditTimeSheetPage_Isdisplayed" time="1.505"/>
  <testcase classname="com.orion.qa.testcases.Test_DraftTimeSheet_SubmitFunctionality" name="Test_IfSubmitMessage_IsDisplayed" time="5.292"/>
  <testcase classname="com.orion.qa.testcases.Test_DraftTimeSheet_SubmitFunctionality" name="Test_IfDataSavedCorrectly" time="1.895"/>
  <testcase classname="com.orion.qa.testcases.Test_DraftTimeSheet_SubmitFunctionality" name="Test_LogoutfromOrion_IsSuccess" time="0.528"/>
</testsuite> <!-- com.orion.qa.testcases.Test_DraftTimeSheet_SubmitFunctionality -->
