<?xml version="1.0" encoding="UTF-8"?>
<!-- Generated by org.testng.reporters.JUnitReportReporter -->
<testsuite hostname="DESKTOP-FKH366F" failures="0" tests="4" name="com.orion.qa.testcases.Test_ApprovedTimeSheet_SaveFunctionality" time="34.698" errors="0" timestamp="25 Apr 2018 16:48:09 GMT" skipped="0">
  <testcase classname="com.orion.qa.testcases.Test_ApprovedTimeSheet_SaveFunctionality" name="Test_LoginToOrion_IsSuccess" time="1.268"/>
  <testcase classname="com.orion.qa.testcases.Test_ApprovedTimeSheet_SaveFunctionality" name="Test_IfEditTimeSheetPage_Isdisplayed" time="2.817"/>
  <testcase classname="com.orion.qa.testcases.Test_ApprovedTimeSheet_SaveFunctionality" name="Test_SaveButton_IsDisplayed" time="30.103"/>
  <testcase classname="com.orion.qa.testcases.Test_ApprovedTimeSheet_SaveFunctionality" name="Test_LogoutfromOrion_IsSuccess" time="0.510"/>
</testsuite> <!-- com.orion.qa.testcases.Test_ApprovedTimeSheet_SaveFunctionality -->
