<?xml version="1.0" encoding="UTF-8"?>
<!-- Generated by org.testng.reporters.JUnitReportReporter -->
<testsuite hostname="DESKTOP-FKH366F" failures="0" tests="5" name="com.orion.qa.testcases.Test_DraftTimeSheet_SubmitFunctionality" time="23.588" errors="0" timestamp="25 Apr 2018 19:25:28 GMT" skipped="0">
  <testcase classname="com.orion.qa.testcases.Test_DraftTimeSheet_SubmitFunctionality" name="Test_LoginToOrion_IsSuccess" time="2.047"/>
  <testcase classname="com.orion.qa.testcases.Test_DraftTimeSheet_SubmitFunctionality" name="Test_IfEditTimeSheetPage_Isdisplayed" time="1.434"/>
  <testcase classname="com.orion.qa.testcases.Test_DraftTimeSheet_SubmitFunctionality" name="Test_IfSubmitMessage_IsDisplayed" time="6.301"/>
  <testcase classname="com.orion.qa.testcases.Test_DraftTimeSheet_SubmitFunctionality" name="Test_IfDataSavedCorrectly" time="13.325"/>
  <testcase classname="com.orion.qa.testcases.Test_DraftTimeSheet_SubmitFunctionality" name="Test_LogoutfromOrion_IsSuccess" time="0.481"/>
</testsuite> <!-- com.orion.qa.testcases.Test_DraftTimeSheet_SubmitFunctionality -->
