<?xml version="1.0" encoding="UTF-8"?>
<!-- Generated by org.testng.reporters.JUnitReportReporter -->
<testsuite hostname="DESKTOP-FKH366F" failures="0" tests="5" name="com.orion.qa.testcases.Test_RejectedTimeSheet_SubmitFunctionality" time="21.656" errors="0" timestamp="24 Apr 2018 19:01:19 GMT" skipped="0">
  <testcase classname="com.orion.qa.testcases.Test_RejectedTimeSheet_SubmitFunctionality" name="Test_LoginToOrion_IsSuccess" time="0.669"/>
  <testcase classname="com.orion.qa.testcases.Test_RejectedTimeSheet_SubmitFunctionality" name="Test_IfEditTimeSheetPage_Isdisplayed" time="2.219"/>
  <testcase classname="com.orion.qa.testcases.Test_RejectedTimeSheet_SubmitFunctionality" name="Test_IfSubmitMessage_IsDisplayed" time="5.198"/>
  <testcase classname="com.orion.qa.testcases.Test_RejectedTimeSheet_SubmitFunctionality" name="Test_IfDataSavedCorrectly" time="13.175"/>
  <testcase classname="com.orion.qa.testcases.Test_RejectedTimeSheet_SubmitFunctionality" name="Test_LogoutfromOrion_IsSuccess" time="0.395"/>
</testsuite> <!-- com.orion.qa.testcases.Test_RejectedTimeSheet_SubmitFunctionality -->
