<?xml version="1.0" encoding="UTF-8"?>
<!-- Generated by org.testng.reporters.JUnitReportReporter -->
<testsuite hostname="DESKTOP-FKH366F" failures="0" tests="4" name="com.orion.qa.testcases.Test_ApprovedTimeSheet_SubmitFunctionality" time="33.511" errors="0" timestamp="26 Apr 2018 19:50:24 GMT" skipped="0">
  <testcase classname="com.orion.qa.testcases.Test_ApprovedTimeSheet_SubmitFunctionality" name="Test_LoginToOrion_IsSuccess" time="1.428"/>
  <testcase classname="com.orion.qa.testcases.Test_ApprovedTimeSheet_SubmitFunctionality" name="Test_IfEditTimeSheetPage_Isdisplayed" time="1.438"/>
  <testcase classname="com.orion.qa.testcases.Test_ApprovedTimeSheet_SubmitFunctionality" name="Test_SubmitButton_IsDisplayed" time="30.074"/>
  <testcase classname="com.orion.qa.testcases.Test_ApprovedTimeSheet_SubmitFunctionality" name="Test_LogoutfromOrion_IsSuccess" time="0.571"/>
</testsuite> <!-- com.orion.qa.testcases.Test_ApprovedTimeSheet_SubmitFunctionality -->
