<?xml version="1.0" encoding="UTF-8"?>
<!-- Generated by org.testng.reporters.JUnitReportReporter -->
<testsuite hostname="DESKTOP-FKH366F" failures="0" tests="4" name="com.orion.qa.testcases.Test_RejectedTimeSheet_SaveFunctionality" time="33.097" errors="0" timestamp="17 May 2018 17:44:20 GMT" skipped="0">
  <testcase classname="com.orion.qa.testcases.Test_RejectedTimeSheet_SaveFunctionality" name="Test_LoginToOrion_IsSuccess" time="0.910"/>
  <testcase classname="com.orion.qa.testcases.Test_RejectedTimeSheet_SaveFunctionality" name="Test_IfEditTimeSheetPage_Isdisplayed" time="1.555"/>
  <testcase classname="com.orion.qa.testcases.Test_RejectedTimeSheet_SaveFunctionality" name="Test_SaveButton_IsDisplayed" time="30.111"/>
  <testcase classname="com.orion.qa.testcases.Test_RejectedTimeSheet_SaveFunctionality" name="Test_LogoutfromOrion_IsSuccess" time="0.521"/>
</testsuite> <!-- com.orion.qa.testcases.Test_RejectedTimeSheet_SaveFunctionality -->
