<?xml version="1.0" encoding="UTF-8"?>
<!-- Generated by org.testng.reporters.JUnitReportReporter -->
<testsuite hostname="DESKTOP-FKH366F" failures="0" tests="4" name="com.orion.qa.testcases.Test_PreApprovedTimeSheet_SaveFunctionality" time="33.794" errors="0" timestamp="26 Apr 2018 19:55:36 GMT" skipped="0">
  <testcase classname="com.orion.qa.testcases.Test_PreApprovedTimeSheet_SaveFunctionality" name="Test_LoginToOrion_IsSuccess" time="0.933"/>
  <testcase classname="com.orion.qa.testcases.Test_PreApprovedTimeSheet_SaveFunctionality" name="Test_IfEditTimeSheetPage_Isdisplayed" time="2.206"/>
  <testcase classname="com.orion.qa.testcases.Test_PreApprovedTimeSheet_SaveFunctionality" name="Test_SaveButton_IsDisplayed" time="30.072"/>
  <testcase classname="com.orion.qa.testcases.Test_PreApprovedTimeSheet_SaveFunctionality" name="Test_LogoutfromOrion_IsSuccess" time="0.583"/>
</testsuite> <!-- com.orion.qa.testcases.Test_PreApprovedTimeSheet_SaveFunctionality -->
