<?xml version="1.0" encoding="UTF-8"?>
<!-- Generated by org.testng.reporters.JUnitReportReporter -->
<testsuite hostname="DESKTOP-FKH366F" failures="0" tests="5" name="com.orion.qa.testcases.Test_DraftTimeSheet_SaveFunctionality" time="21.240" errors="0" timestamp="25 Apr 2018 18:55:39 GMT" skipped="0">
  <testcase classname="com.orion.qa.testcases.Test_DraftTimeSheet_SaveFunctionality" name="Test_LoginToOrion_IsSuccess" time="0.932"/>
  <testcase classname="com.orion.qa.testcases.Test_DraftTimeSheet_SaveFunctionality" name="Test_IfEditTimeSheetPage_Isdisplayed" time="2.226"/>
  <testcase classname="com.orion.qa.testcases.Test_DraftTimeSheet_SaveFunctionality" name="Test_IfSaveMessage_IsDisplayed" time="4.431"/>
  <testcase classname="com.orion.qa.testcases.Test_DraftTimeSheet_SaveFunctionality" name="Test_IfDataSavedCorrectly" time="13.167"/>
  <testcase classname="com.orion.qa.testcases.Test_DraftTimeSheet_SaveFunctionality" name="Test_LogoutfromOrion_IsSuccess" time="0.484"/>
</testsuite> <!-- com.orion.qa.testcases.Test_DraftTimeSheet_SaveFunctionality -->
