<?xml version="1.0" encoding="UTF-8"?>
<!-- Generated by org.testng.reporters.JUnitReportReporter -->
<testsuite hostname="DESKTOP-FKH366F" failures="0" tests="5" name="com.orion.qa.testcases.Test_DraftTimeSheet_SaveFunctionality" time="20.967" errors="0" timestamp="26 Apr 2018 19:34:01 GMT" skipped="0">
  <testcase classname="com.orion.qa.testcases.Test_DraftTimeSheet_SaveFunctionality" name="Test_LoginToOrion_IsSuccess" time="0.756"/>
  <testcase classname="com.orion.qa.testcases.Test_DraftTimeSheet_SaveFunctionality" name="Test_IfEditTimeSheetPage_Isdisplayed" time="2.362"/>
  <testcase classname="com.orion.qa.testcases.Test_DraftTimeSheet_SaveFunctionality" name="Test_IfSaveMessage_IsDisplayed" time="4.364"/>
  <testcase classname="com.orion.qa.testcases.Test_DraftTimeSheet_SaveFunctionality" name="Test_IfDataSavedCorrectly" time="13.010"/>
  <testcase classname="com.orion.qa.testcases.Test_DraftTimeSheet_SaveFunctionality" name="Test_LogoutfromOrion_IsSuccess" time="0.475"/>
</testsuite> <!-- com.orion.qa.testcases.Test_DraftTimeSheet_SaveFunctionality -->
