<?xml version="1.0" encoding="UTF-8"?>
<!-- Generated by org.testng.reporters.JUnitReportReporter -->
<testsuite hostname="DESKTOP-FKH366F" failures="0" tests="4" name="com.orion.qa.testcases.Test_PreApprovedTimeSheet_SaveFunctionality" time="33.844" errors="0" timestamp="25 Apr 2018 19:47:28 GMT" skipped="0">
  <testcase classname="com.orion.qa.testcases.Test_PreApprovedTimeSheet_SaveFunctionality" name="Test_LoginToOrion_IsSuccess" time="0.974"/>
  <testcase classname="com.orion.qa.testcases.Test_PreApprovedTimeSheet_SaveFunctionality" name="Test_IfEditTimeSheetPage_Isdisplayed" time="2.243"/>
  <testcase classname="com.orion.qa.testcases.Test_PreApprovedTimeSheet_SaveFunctionality" name="Test_SaveButton_IsDisplayed" time="30.080"/>
  <testcase classname="com.orion.qa.testcases.Test_PreApprovedTimeSheet_SaveFunctionality" name="Test_LogoutfromOrion_IsSuccess" time="0.547"/>
</testsuite> <!-- com.orion.qa.testcases.Test_PreApprovedTimeSheet_SaveFunctionality -->
