<?xml version="1.0" encoding="UTF-8"?>
<!-- Generated by org.testng.reporters.JUnitReportReporter -->
<testsuite hostname="DESKTOP-FKH366F" failures="0" tests="8" name="com.orion.qa.testcases.Test_SubmittedTimeSheet_CancelFunctionality" time="3.290" errors="0" timestamp="17 May 2018 16:32:06 GMT" skipped="0">
  <testcase classname="com.orion.qa.testcases.Test_SubmittedTimeSheet_CancelFunctionality" name="Test_LoginToOrion_IsSuccess" time="0.865"/>
  <testcase classname="com.orion.qa.testcases.Test_SubmittedTimeSheet_CancelFunctionality" name="Test_IfEditTimeSheetPage_Isdisplayed" time="1.523"/>
  <testcase classname="com.orion.qa.testcases.Test_SubmittedTimeSheet_CancelFunctionality" name="Test_VerifyUserCanEnterTime" time="0.039"/>
  <testcase classname="com.orion.qa.testcases.Test_SubmittedTimeSheet_CancelFunctionality" name="Test_VerifyUserAddAttachment" time="0.040"/>
  <testcase classname="com.orion.qa.testcases.Test_SubmittedTimeSheet_CancelFunctionality" name="Test_VerifyUserAddcomment" time="0.036"/>
  <testcase classname="com.orion.qa.testcases.Test_SubmittedTimeSheet_CancelFunctionality" name="Test_CancelButton_IsDisplayed" time="0.063"/>
  <testcase classname="com.orion.qa.testcases.Test_SubmittedTimeSheet_CancelFunctionality" name="Test_VerifyCancelClick" time="0.324"/>
  <testcase classname="com.orion.qa.testcases.Test_SubmittedTimeSheet_CancelFunctionality" name="Test_LogoutfromOrion_IsSuccess" time="0.400"/>
</testsuite> <!-- com.orion.qa.testcases.Test_SubmittedTimeSheet_CancelFunctionality -->
