<?xml version="1.0" encoding="UTF-8"?>
<!-- Generated by org.testng.reporters.JUnitReportReporter -->
<testsuite hostname="DESKTOP-FKH366F" failures="0" tests="7" name="com.orion.qa.testcases.Test_SubmittedTimeSheet_SubmitFunctionality" time="33.956" errors="0" timestamp="20 Apr 2018 17:20:39 GMT" skipped="0">
  <testcase classname="com.orion.qa.testcases.Test_SubmittedTimeSheet_SubmitFunctionality" name="Test_LoginToOrion_IsSuccess" time="1.852"/>
  <testcase classname="com.orion.qa.testcases.Test_SubmittedTimeSheet_SubmitFunctionality" name="Test_IfEditTimeSheetPage_Isdisplayed" time="1.427"/>
  <testcase classname="com.orion.qa.testcases.Test_SubmittedTimeSheet_SubmitFunctionality" name="Test_VerifyUserCanEnterTime" time="0.034"/>
  <testcase classname="com.orion.qa.testcases.Test_SubmittedTimeSheet_SubmitFunctionality" name="Test_VerifyUserAddAttachment" time="0.039"/>
  <testcase classname="com.orion.qa.testcases.Test_SubmittedTimeSheet_SubmitFunctionality" name="Test_VerifyUserAddcomment" time="0.038"/>
  <testcase classname="com.orion.qa.testcases.Test_SubmittedTimeSheet_SubmitFunctionality" name="Test_SubmitButton_IsDisplayed" time="30.074"/>
  <testcase classname="com.orion.qa.testcases.Test_SubmittedTimeSheet_SubmitFunctionality" name="Test_LogoutfromOrion_IsSuccess" time="0.492"/>
</testsuite> <!-- com.orion.qa.testcases.Test_SubmittedTimeSheet_SubmitFunctionality -->
