<?xml version="1.0" encoding="UTF-8"?>
<!-- Generated by org.testng.reporters.JUnitReportReporter -->
<testsuite hostname="DESKTOP-FKH366F" failures="0" tests="7" name="com.orion.qa.testcases.Test_PreApprovedTimeSheet_SubmitFunctionality" time="16.204" errors="0" timestamp="19 Apr 2018 19:47:59 GMT" skipped="0">
  <testcase classname="com.orion.qa.testcases.Test_PreApprovedTimeSheet_SubmitFunctionality" name="Test_LoginToOrion_IsSuccess" time="1.702"/>
  <testcase classname="com.orion.qa.testcases.Test_PreApprovedTimeSheet_SubmitFunctionality" name="Test_IfEditTimeSheetPage_Isdisplayed" time="1.343"/>
  <testcase classname="com.orion.qa.testcases.Test_PreApprovedTimeSheet_SubmitFunctionality" name="Test_SubmitButton_IsDisplayed" time="0.054"/>
  <testcase classname="com.orion.qa.testcases.Test_PreApprovedTimeSheet_SubmitFunctionality" name="Test_VerifyGridisDisabled" time="0.034"/>
  <testcase classname="com.orion.qa.testcases.Test_PreApprovedTimeSheet_SubmitFunctionality" name="Test_SubmitButton_InjectTestDataandVerify" time="4.678"/>
  <testcase classname="com.orion.qa.testcases.Test_PreApprovedTimeSheet_SubmitFunctionality" name="Test_IfUpdatedDataisSubmitted" time="7.880"/>
  <testcase classname="com.orion.qa.testcases.Test_PreApprovedTimeSheet_SubmitFunctionality" name="Test_LogoutfromOrion_IsSuccess" time="0.513"/>
</testsuite> <!-- com.orion.qa.testcases.Test_PreApprovedTimeSheet_SubmitFunctionality -->
