<?xml version="1.0" encoding="UTF-8"?>
<!-- Generated by org.testng.reporters.JUnitReportReporter -->
<testsuite hostname="DESKTOP-FKH366F" failures="0" tests="1" name="com.orion.qa.testcases.WinTest" time="29.036" errors="0" timestamp="11 May 2018 14:23:44 GMT" skipped="0">
  <testcase classname="com.orion.qa.testcases.WinTest" name="downloadfile" time="29.036"/>
</testsuite> <!-- com.orion.qa.testcases.WinTest -->
