<?xml version="1.0" encoding="UTF-8"?>
<!-- Generated by org.testng.reporters.JUnitReportReporter -->
<testsuite hostname="DESKTOP-FKH366F" failures="0" tests="4" name="com.orion.qa.testcases.Test_ApprovedTimeSheet_SaveFunctionality" time="33.550" errors="0" timestamp="26 Apr 2018 19:50:24 GMT" skipped="0">
  <testcase classname="com.orion.qa.testcases.Test_ApprovedTimeSheet_SaveFunctionality" name="Test_LoginToOrion_IsSuccess" time="0.665"/>
  <testcase classname="com.orion.qa.testcases.Test_ApprovedTimeSheet_SaveFunctionality" name="Test_IfEditTimeSheetPage_Isdisplayed" time="2.303"/>
  <testcase classname="com.orion.qa.testcases.Test_ApprovedTimeSheet_SaveFunctionality" name="Test_SaveButton_IsDisplayed" time="30.087"/>
  <testcase classname="com.orion.qa.testcases.Test_ApprovedTimeSheet_SaveFunctionality" name="Test_LogoutfromOrion_IsSuccess" time="0.495"/>
</testsuite> <!-- com.orion.qa.testcases.Test_ApprovedTimeSheet_SaveFunctionality -->
