<?xml version="1.0" encoding="UTF-8"?>
<!-- Generated by org.testng.reporters.JUnitReportReporter -->
<testsuite hostname="DESKTOP-FKH366F" failures="0" tests="5" name="com.orion.qa.testcases.Test_NewTimeSheet_SubmitFunctionality" time="11.841" errors="0" timestamp="17 May 2018 14:53:42 GMT" skipped="0">
  <testcase classname="com.orion.qa.testcases.Test_NewTimeSheet_SubmitFunctionality" name="Test_LoginToOrion_IsSuccess" time="1.012"/>
  <testcase classname="com.orion.qa.testcases.Test_NewTimeSheet_SubmitFunctionality" name="Test_IfNewTimeSheetPage_Isdisplayed" time="1.212"/>
  <testcase classname="com.orion.qa.testcases.Test_NewTimeSheet_SubmitFunctionality" name="Test_IfSubmitMessage_IsDisplayed" time="4.995"/>
  <testcase classname="com.orion.qa.testcases.Test_NewTimeSheet_SubmitFunctionality" name="Test_IfDataSubmittedCorrectly" time="4.222"/>
  <testcase classname="com.orion.qa.testcases.Test_NewTimeSheet_SubmitFunctionality" name="Test_LogoutfromOrion_IsSuccess" time="0.400"/>
</testsuite> <!-- com.orion.qa.testcases.Test_NewTimeSheet_SubmitFunctionality -->
