<?xml version="1.0" encoding="UTF-8"?>
<!-- Generated by org.testng.reporters.JUnitReportReporter -->
<testsuite hostname="DESKTOP-FKH366F" failures="0" tests="4" name="com.orion.qa.testcases.Test_RejectedTimeSheet_CancelFunctionality" time="41.665" errors="0" timestamp="24 Apr 2018 16:38:49 GMT" skipped="0">
  <testcase classname="com.orion.qa.testcases.Test_RejectedTimeSheet_CancelFunctionality" name="Test_LoginToOrion_IsSuccess" time="0.693"/>
  <testcase classname="com.orion.qa.testcases.Test_RejectedTimeSheet_CancelFunctionality" name="Test_IfEditTimeSheetPage_Isdisplayed" time="2.508"/>
  <testcase classname="com.orion.qa.testcases.Test_RejectedTimeSheet_CancelFunctionality" name="Test_IfDatanotSaved" time="37.947"/>
  <testcase classname="com.orion.qa.testcases.Test_RejectedTimeSheet_CancelFunctionality" name="Test_LogoutfromOrion_IsSuccess" time="0.517"/>
</testsuite> <!-- com.orion.qa.testcases.Test_RejectedTimeSheet_CancelFunctionality -->
