<?xml version="1.0" encoding="UTF-8"?>
<!-- Generated by org.testng.reporters.JUnitReportReporter -->
<testsuite hostname="DESKTOP-FKH366F" failures="0" tests="5" name="com.orion.qa.testcases.Test_ApprovedTimeSheet_CancelFunctionality" time="4.518" errors="0" timestamp="18 Apr 2018 15:39:08 GMT" skipped="0">
  <testcase classname="com.orion.qa.testcases.Test_ApprovedTimeSheet_CancelFunctionality" name="Test_LoginToOrion_IsSuccess" time="0.864"/>
  <testcase classname="com.orion.qa.testcases.Test_ApprovedTimeSheet_CancelFunctionality" name="Test_IfEditTimeSheetPage_Isdisplayed" time="2.406"/>
  <testcase classname="com.orion.qa.testcases.Test_ApprovedTimeSheet_CancelFunctionality" name="Test_EditTimesheetScreenComponents_AreDisabled" time="0.148"/>
  <testcase classname="com.orion.qa.testcases.Test_ApprovedTimeSheet_CancelFunctionality" name="Test_ClickCancelExists" time="0.513"/>
  <testcase classname="com.orion.qa.testcases.Test_ApprovedTimeSheet_CancelFunctionality" name="Test_LogoutfromOrion_IsSuccess" time="0.587"/>
</testsuite> <!-- com.orion.qa.testcases.Test_ApprovedTimeSheet_CancelFunctionality -->
