<?xml version="1.0" encoding="UTF-8"?>
<!-- Generated by org.testng.reporters.JUnitReportReporter -->
<testsuite hostname="DESKTOP-FKH366F" failures="0" tests="4" name="com.orion.qa.testcases.Test_ApprovedTimeSheet_SaveFunctionality" time="33.691" errors="0" timestamp="18 Apr 2018 15:21:15 GMT" skipped="0">
  <testcase classname="com.orion.qa.testcases.Test_ApprovedTimeSheet_SaveFunctionality" name="Test_LoginToOrion_IsSuccess" time="1.709"/>
  <testcase classname="com.orion.qa.testcases.Test_ApprovedTimeSheet_SaveFunctionality" name="Test_IfEditTimeSheetPage_Isdisplayed" time="1.426"/>
  <testcase classname="com.orion.qa.testcases.Test_ApprovedTimeSheet_SaveFunctionality" name="Test_SaveButton_IsDisplayed" time="30.048"/>
  <testcase classname="com.orion.qa.testcases.Test_ApprovedTimeSheet_SaveFunctionality" name="Test_LogoutfromOrion_IsSuccess" time="0.508"/>
</testsuite> <!-- com.orion.qa.testcases.Test_ApprovedTimeSheet_SaveFunctionality -->
