<?xml version="1.0" encoding="UTF-8"?>
<!-- Generated by org.testng.reporters.JUnitReportReporter -->
<testsuite hostname="DESKTOP-FKH366F" failures="0" tests="2" name="com.orion.qa.testcases.LinuxTest" time="33.888" errors="0" timestamp="04 May 2018 23:22:12 GMT" skipped="0">
  <testcase classname="com.orion.qa.testcases.LinuxTest" name="verifyURL" time="0.191"/>
  <testcase classname="com.orion.qa.testcases.LinuxTest" name="downloadfile" time="33.697"/>
</testsuite> <!-- com.orion.qa.testcases.LinuxTest -->
