<?xml version="1.0" encoding="UTF-8"?>
<!-- Generated by org.testng.reporters.JUnitReportReporter -->
<testsuite hostname="DESKTOP-FKH366F" failures="0" tests="4" name="com.orion.qa.testcases.Test_NewTimeSheet_CancelFunctionality" time="34.349" errors="0" timestamp="17 May 2018 14:42:13 GMT" skipped="0">
  <testcase classname="com.orion.qa.testcases.Test_NewTimeSheet_CancelFunctionality" name="Test_LoginToOrion_IsSuccess" time="0.981"/>
  <testcase classname="com.orion.qa.testcases.Test_NewTimeSheet_CancelFunctionality" name="Test_IfNewTimeSheetPage_Isdisplayed" time="1.228"/>
  <testcase classname="com.orion.qa.testcases.Test_NewTimeSheet_CancelFunctionality" name="Test_IfDatanotSaved" time="31.732"/>
  <testcase classname="com.orion.qa.testcases.Test_NewTimeSheet_CancelFunctionality" name="Test_LogoutfromOrion_IsSuccess" time="0.408"/>
</testsuite> <!-- com.orion.qa.testcases.Test_NewTimeSheet_CancelFunctionality -->
