<?xml version="1.0" encoding="UTF-8"?>
<!-- Generated by org.testng.reporters.JUnitReportReporter -->
<testsuite hostname="DESKTOP-FKH366F" failures="0" tests="5" name="com.orion.qa.testcases.Test_RejectedTimeSheet_SubmitFunctionality" time="23.848" errors="0" timestamp="25 Apr 2018 15:57:57 GMT" skipped="0">
  <testcase classname="com.orion.qa.testcases.Test_RejectedTimeSheet_SubmitFunctionality" name="Test_LoginToOrion_IsSuccess" time="2.016"/>
  <testcase classname="com.orion.qa.testcases.Test_RejectedTimeSheet_SubmitFunctionality" name="Test_IfEditTimeSheetPage_Isdisplayed" time="1.625"/>
  <testcase classname="com.orion.qa.testcases.Test_RejectedTimeSheet_SubmitFunctionality" name="Test_IfSubmitMessage_IsDisplayed" time="6.092"/>
  <testcase classname="com.orion.qa.testcases.Test_RejectedTimeSheet_SubmitFunctionality" name="Test_IfDataSavedCorrectly" time="13.542"/>
  <testcase classname="com.orion.qa.testcases.Test_RejectedTimeSheet_SubmitFunctionality" name="Test_LogoutfromOrion_IsSuccess" time="0.573"/>
</testsuite> <!-- com.orion.qa.testcases.Test_RejectedTimeSheet_SubmitFunctionality -->
