<?xml version="1.0" encoding="UTF-8"?>
<!-- Generated by org.testng.reporters.JUnitReportReporter -->
<testsuite hostname="DESKTOP-FKH366F" failures="0" tests="8" name="com.orion.qa.testcases.Test_SubmittedTimeSheet_CancelFunctionality" time="5.106" errors="0" timestamp="25 Apr 2018 16:01:41 GMT" skipped="0">
  <testcase classname="com.orion.qa.testcases.Test_SubmittedTimeSheet_CancelFunctionality" name="Test_LoginToOrion_IsSuccess" time="2.186"/>
  <testcase classname="com.orion.qa.testcases.Test_SubmittedTimeSheet_CancelFunctionality" name="Test_IfEditTimeSheetPage_Isdisplayed" time="1.604"/>
  <testcase classname="com.orion.qa.testcases.Test_SubmittedTimeSheet_CancelFunctionality" name="Test_VerifyUserCanEnterTime" time="0.072"/>
  <testcase classname="com.orion.qa.testcases.Test_SubmittedTimeSheet_CancelFunctionality" name="Test_VerifyUserAddAttachment" time="0.044"/>
  <testcase classname="com.orion.qa.testcases.Test_SubmittedTimeSheet_CancelFunctionality" name="Test_VerifyUserAddcomment" time="0.039"/>
  <testcase classname="com.orion.qa.testcases.Test_SubmittedTimeSheet_CancelFunctionality" name="Test_CancelButton_IsDisplayed" time="0.065"/>
  <testcase classname="com.orion.qa.testcases.Test_SubmittedTimeSheet_CancelFunctionality" name="Test_VerifyCancelClick" time="0.456"/>
  <testcase classname="com.orion.qa.testcases.Test_SubmittedTimeSheet_CancelFunctionality" name="Test_LogoutfromOrion_IsSuccess" time="0.640"/>
</testsuite> <!-- com.orion.qa.testcases.Test_SubmittedTimeSheet_CancelFunctionality -->
