<?xml version="1.0" encoding="UTF-8"?>
<!-- Generated by org.testng.reporters.JUnitReportReporter -->
<testsuite hostname="DESKTOP-FKH366F" failures="0" tests="6" name="com.orion.qa.testcases.Test_DraftTimeSheet_SaveFunctionality" time="10.109" errors="0" timestamp="12 Jun 2018 16:32:42 GMT" skipped="0">
  <testcase classname="com.orion.qa.testcases.Test_DraftTimeSheet_SaveFunctionality" name="Test_LoginToOrion_IsSuccess" time="1.159"/>
  <testcase classname="com.orion.qa.testcases.Test_DraftTimeSheet_SaveFunctionality" name="Test_IfEditTimeSheetPage_Isdisplayed" time="1.740"/>
  <testcase classname="com.orion.qa.testcases.Test_DraftTimeSheet_SaveFunctionality" name="Test_IfSaveMessage_IsDisplayed" time="5.535"/>
  <testcase classname="com.orion.qa.testcases.Test_DraftTimeSheet_SaveFunctionality" name="Test_VerifyTimeSheetMainPageisDisplayed" time="0.276"/>
  <testcase classname="com.orion.qa.testcases.Test_DraftTimeSheet_SaveFunctionality" name="Test_IfDataSavedCorrectly" time="0.993"/>
  <testcase classname="com.orion.qa.testcases.Test_DraftTimeSheet_SaveFunctionality" name="Test_LogoutfromOrion_IsSuccess" time="0.406"/>
</testsuite> <!-- com.orion.qa.testcases.Test_DraftTimeSheet_SaveFunctionality -->
