<?xml version="1.0" encoding="UTF-8"?>
<!-- Generated by org.testng.reporters.JUnitReportReporter -->
<testsuite hostname="DESKTOP-FKH366F" failures="0" tests="4" name="com.orion.qa.testcases.Test_RejectedTimeSheet_CancelFunctionality" time="6.620" errors="0" timestamp="17 May 2018 17:39:03 GMT" skipped="0">
  <testcase classname="com.orion.qa.testcases.Test_RejectedTimeSheet_CancelFunctionality" name="Test_LoginToOrion_IsSuccess" time="1.154"/>
  <testcase classname="com.orion.qa.testcases.Test_RejectedTimeSheet_CancelFunctionality" name="Test_IfEditTimeSheetPage_Isdisplayed" time="1.571"/>
  <testcase classname="com.orion.qa.testcases.Test_RejectedTimeSheet_CancelFunctionality" name="Test_IfDatanotSaved" time="3.454"/>
  <testcase classname="com.orion.qa.testcases.Test_RejectedTimeSheet_CancelFunctionality" name="Test_LogoutfromOrion_IsSuccess" time="0.441"/>
</testsuite> <!-- com.orion.qa.testcases.Test_RejectedTimeSheet_CancelFunctionality -->
