<?xml version="1.0" encoding="UTF-8"?>
<!-- Generated by org.testng.reporters.JUnitReportReporter -->
<testsuite hostname="DESKTOP-FKH366F" failures="0" tests="5" name="com.orion.qa.testcases.Test_ApprovedTimeSheet_CancelFunctionality" time="8.552" errors="0" timestamp="09 May 2018 14:16:46 GMT" skipped="0">
  <testcase classname="com.orion.qa.testcases.Test_ApprovedTimeSheet_CancelFunctionality" name="Test_LoginToOrion_IsSuccess" time="2.635"/>
  <testcase classname="com.orion.qa.testcases.Test_ApprovedTimeSheet_CancelFunctionality" name="Test_IfEditTimeSheetPage_Isdisplayed" time="4.279"/>
  <testcase classname="com.orion.qa.testcases.Test_ApprovedTimeSheet_CancelFunctionality" name="Test_EditTimesheetScreenComponents_AreDisabled" time="0.136"/>
  <testcase classname="com.orion.qa.testcases.Test_ApprovedTimeSheet_CancelFunctionality" name="Test_ClickCancelExists" time="0.578"/>
  <testcase classname="com.orion.qa.testcases.Test_ApprovedTimeSheet_CancelFunctionality" name="Test_LogoutfromOrion_IsSuccess" time="0.924"/>
</testsuite> <!-- com.orion.qa.testcases.Test_ApprovedTimeSheet_CancelFunctionality -->
