<?xml version="1.0" encoding="UTF-8"?>
<!-- Generated by org.testng.reporters.JUnitReportReporter -->
<testsuite hostname="DESKTOP-FKH366F" failures="0" tests="5" name="com.orion.qa.testcases.Test_DraftTimeSheet_SubmitFunctionality" time="25.395" errors="0" timestamp="19 Apr 2018 14:12:56 GMT" skipped="0">
  <testcase classname="com.orion.qa.testcases.Test_DraftTimeSheet_SubmitFunctionality" name="Test_LoginToOrion_IsSuccess" time="1.507"/>
  <testcase classname="com.orion.qa.testcases.Test_DraftTimeSheet_SubmitFunctionality" name="Test_IfEditTimeSheetPage_Isdisplayed" time="3.514"/>
  <testcase classname="com.orion.qa.testcases.Test_DraftTimeSheet_SubmitFunctionality" name="Test_IfSubmitMessage_IsDisplayed" time="5.664"/>
  <testcase classname="com.orion.qa.testcases.Test_DraftTimeSheet_SubmitFunctionality" name="Test_IfDataSavedCorrectly" time="13.965"/>
  <testcase classname="com.orion.qa.testcases.Test_DraftTimeSheet_SubmitFunctionality" name="Test_LogoutfromOrion_IsSuccess" time="0.745"/>
</testsuite> <!-- com.orion.qa.testcases.Test_DraftTimeSheet_SubmitFunctionality -->
