<?xml version="1.0" encoding="UTF-8"?>
<!-- Generated by org.testng.reporters.JUnitReportReporter -->
<testsuite hostname="DESKTOP-FKH366F" failures="0" tests="5" name="com.orion.qa.testcases.Test_DraftTimeSheet_SaveFunctionality" time="24.329" errors="0" timestamp="17 Apr 2018 15:35:32 GMT" skipped="0">
  <testcase classname="com.orion.qa.testcases.Test_DraftTimeSheet_SaveFunctionality" name="Test_LoginToOrion_IsSuccess" time="1.021"/>
  <testcase classname="com.orion.qa.testcases.Test_DraftTimeSheet_SaveFunctionality" name="Test_IfEditTimeSheetPage_Isdisplayed" time="3.269"/>
  <testcase classname="com.orion.qa.testcases.Test_DraftTimeSheet_SaveFunctionality" name="Test_IfSaveMessage_IsDisplayed" time="4.525"/>
  <testcase classname="com.orion.qa.testcases.Test_DraftTimeSheet_SaveFunctionality" name="Test_IfDataSavedCorrectly" time="14.899"/>
  <testcase classname="com.orion.qa.testcases.Test_DraftTimeSheet_SaveFunctionality" name="Test_LogoutfromOrion_IsSuccess" time="0.615"/>
</testsuite> <!-- com.orion.qa.testcases.Test_DraftTimeSheet_SaveFunctionality -->
