<?xml version="1.0" encoding="UTF-8"?>
<!-- Generated by org.testng.reporters.JUnitReportReporter -->
<testsuite hostname="DESKTOP-FKH366F" failures="0" tests="6" name="com.orion.qa.testcases.Test_PreApprovedTimeSheet_CancelFunctionality" time="35.875" errors="0" timestamp="25 Apr 2018 19:41:45 GMT" skipped="0">
  <testcase classname="com.orion.qa.testcases.Test_PreApprovedTimeSheet_CancelFunctionality" name="Test_LoginToOrion_IsSuccess" time="1.153"/>
  <testcase classname="com.orion.qa.testcases.Test_PreApprovedTimeSheet_CancelFunctionality" name="Test_IfEditTimeSheetPage_Isdisplayed" time="2.297"/>
  <testcase classname="com.orion.qa.testcases.Test_PreApprovedTimeSheet_CancelFunctionality" name="Test_CancelButton_IsDisplayed" time="0.054"/>
  <testcase classname="com.orion.qa.testcases.Test_PreApprovedTimeSheet_CancelFunctionality" name="Test_CancelButton_InjectTestDataandVerify" time="1.215"/>
  <testcase classname="com.orion.qa.testcases.Test_PreApprovedTimeSheet_CancelFunctionality" name="Test_IfUpdatedDataisCancelled" time="30.578"/>
  <testcase classname="com.orion.qa.testcases.Test_PreApprovedTimeSheet_CancelFunctionality" name="Test_LogoutfromOrion_IsSuccess" time="0.578"/>
</testsuite> <!-- com.orion.qa.testcases.Test_PreApprovedTimeSheet_CancelFunctionality -->
