<?xml version="1.0" encoding="UTF-8"?>
<!-- Generated by org.testng.reporters.JUnitReportReporter -->
<testsuite hostname="DESKTOP-FKH366F" failures="0" tests="5" name="com.orion.qa.testcases.Test_RejectedTimeSheet_SubmitFunctionality" time="22.275" errors="0" timestamp="26 Apr 2018 19:47:41 GMT" skipped="0">
  <testcase classname="com.orion.qa.testcases.Test_RejectedTimeSheet_SubmitFunctionality" name="Test_LoginToOrion_IsSuccess" time="1.826"/>
  <testcase classname="com.orion.qa.testcases.Test_RejectedTimeSheet_SubmitFunctionality" name="Test_IfEditTimeSheetPage_Isdisplayed" time="1.358"/>
  <testcase classname="com.orion.qa.testcases.Test_RejectedTimeSheet_SubmitFunctionality" name="Test_IfSubmitMessage_IsDisplayed" time="5.694"/>
  <testcase classname="com.orion.qa.testcases.Test_RejectedTimeSheet_SubmitFunctionality" name="Test_IfDataSavedCorrectly" time="12.993"/>
  <testcase classname="com.orion.qa.testcases.Test_RejectedTimeSheet_SubmitFunctionality" name="Test_LogoutfromOrion_IsSuccess" time="0.404"/>
</testsuite> <!-- com.orion.qa.testcases.Test_RejectedTimeSheet_SubmitFunctionality -->
