<?xml version="1.0" encoding="UTF-8"?>
<!-- Generated by org.testng.reporters.JUnitReportReporter -->
<testsuite hostname="DESKTOP-FKH366F" failures="0" tests="4" name="com.orion.qa.testcases.Test_ApprovedTimeSheet_SaveFunctionality" time="32.901" errors="0" timestamp="17 May 2018 19:38:18 GMT" skipped="0">
  <testcase classname="com.orion.qa.testcases.Test_ApprovedTimeSheet_SaveFunctionality" name="Test_LoginToOrion_IsSuccess" time="0.882"/>
  <testcase classname="com.orion.qa.testcases.Test_ApprovedTimeSheet_SaveFunctionality" name="Test_IfEditTimeSheetPage_Isdisplayed" time="1.510"/>
  <testcase classname="com.orion.qa.testcases.Test_ApprovedTimeSheet_SaveFunctionality" name="Test_SaveButton_IsDisplayed" time="30.119"/>
  <testcase classname="com.orion.qa.testcases.Test_ApprovedTimeSheet_SaveFunctionality" name="Test_LogoutfromOrion_IsSuccess" time="0.390"/>
</testsuite> <!-- com.orion.qa.testcases.Test_ApprovedTimeSheet_SaveFunctionality -->
