<?xml version="1.0" encoding="UTF-8"?>
<!-- Generated by org.testng.reporters.JUnitReportReporter -->
<testsuite hostname="DESKTOP-FKH366F" failures="0" tests="5" name="com.orion.qa.testcases.Test_NewTimeSheet_SubmitFunctionality" time="21.177" errors="0" timestamp="18 Apr 2018 20:53:00 GMT" skipped="0">
  <testcase classname="com.orion.qa.testcases.Test_NewTimeSheet_SubmitFunctionality" name="Test_LoginToOrion_IsSuccess" time="2.063"/>
  <testcase classname="com.orion.qa.testcases.Test_NewTimeSheet_SubmitFunctionality" name="Test_IfNewTimeSheetPage_Isdisplayed" time="1.339"/>
  <testcase classname="com.orion.qa.testcases.Test_NewTimeSheet_SubmitFunctionality" name="Test_IfSubmitMessage_IsDisplayed" time="4.741"/>
  <testcase classname="com.orion.qa.testcases.Test_NewTimeSheet_SubmitFunctionality" name="Test_IfDataSavedCorrectly" time="12.569"/>
  <testcase classname="com.orion.qa.testcases.Test_NewTimeSheet_SubmitFunctionality" name="Test_LogoutfromOrion_IsSuccess" time="0.465"/>
</testsuite> <!-- com.orion.qa.testcases.Test_NewTimeSheet_SubmitFunctionality -->
