<?xml version="1.0" encoding="UTF-8"?>
<!-- Generated by org.testng.reporters.JUnitReportReporter -->
<testsuite hostname="DESKTOP-FKH366F" failures="0" tests="4" name="com.orion.qa.testcases.Test_PreApprovedTimeSheet_SaveFunctionality" time="36.306" errors="0" timestamp="17 May 2018 18:55:10 GMT" skipped="0">
  <testcase classname="com.orion.qa.testcases.Test_PreApprovedTimeSheet_SaveFunctionality" name="Test_LoginToOrion_IsSuccess" time="3.056"/>
  <testcase classname="com.orion.qa.testcases.Test_PreApprovedTimeSheet_SaveFunctionality" name="Test_IfEditTimeSheetPage_Isdisplayed" time="1.589"/>
  <testcase classname="com.orion.qa.testcases.Test_PreApprovedTimeSheet_SaveFunctionality" name="Test_SaveButton_IsDisplayed" time="30.331"/>
  <testcase classname="com.orion.qa.testcases.Test_PreApprovedTimeSheet_SaveFunctionality" name="Test_LogoutfromOrion_IsSuccess" time="1.330"/>
</testsuite> <!-- com.orion.qa.testcases.Test_PreApprovedTimeSheet_SaveFunctionality -->
