<?xml version="1.0" encoding="UTF-8"?>
<!-- Generated by org.testng.reporters.JUnitReportReporter -->
<testsuite hostname="DESKTOP-FKH366F" failures="0" tests="6" name="com.orion.qa.testcases.Test_NewTimeSheet_SaveFunctionality" time="12.587" errors="0" timestamp="21 Jun 2018 16:07:08 GMT" skipped="0">
  <testcase classname="com.orion.qa.testcases.Test_NewTimeSheet_SaveFunctionality" name="Test_LoginToOrion_IsSuccess" time="1.462"/>
  <testcase classname="com.orion.qa.testcases.Test_NewTimeSheet_SaveFunctionality" name="Test_IfNewTimeSheetPage_Isdisplayed" time="2.468"/>
  <testcase classname="com.orion.qa.testcases.Test_NewTimeSheet_SaveFunctionality" name="Test_IfSaveMessage_IsDisplayed" time="3.491"/>
  <testcase classname="com.orion.qa.testcases.Test_NewTimeSheet_SaveFunctionality" name="Test_VerifyTimeSheetMainPageisDisplayed" time="0.203"/>
  <testcase classname="com.orion.qa.testcases.Test_NewTimeSheet_SaveFunctionality" name="Test_IfDataSavedCorrectly" time="4.256"/>
  <testcase classname="com.orion.qa.testcases.Test_NewTimeSheet_SaveFunctionality" name="Test_LogoutfromOrion_IsSuccess" time="0.707"/>
</testsuite> <!-- com.orion.qa.testcases.Test_NewTimeSheet_SaveFunctionality -->
