<?xml version="1.0" encoding="UTF-8"?>
<!-- Generated by org.testng.reporters.JUnitReportReporter -->
<testsuite hostname="DESKTOP-FKH366F" failures="0" tests="4" name="com.orion.qa.testcases.Test_NewTimeSheet_CancelFunctionality" time="36.933" errors="0" timestamp="21 Jun 2018 21:00:02 GMT" skipped="0">
  <testcase classname="com.orion.qa.testcases.Test_NewTimeSheet_CancelFunctionality" name="Test_LoginToOrion_IsSuccess" time="1.970"/>
  <testcase classname="com.orion.qa.testcases.Test_NewTimeSheet_CancelFunctionality" name="Test_IfNewTimeSheetPage_Isdisplayed" time="2.182"/>
  <testcase classname="com.orion.qa.testcases.Test_NewTimeSheet_CancelFunctionality" name="Test_IfDatanotSaved" time="32.202"/>
  <testcase classname="com.orion.qa.testcases.Test_NewTimeSheet_CancelFunctionality" name="Test_LogoutfromOrion_IsSuccess" time="0.579"/>
</testsuite> <!-- com.orion.qa.testcases.Test_NewTimeSheet_CancelFunctionality -->
