<?xml version="1.0" encoding="UTF-8"?>
<!-- Generated by org.testng.reporters.JUnitReportReporter -->
<testsuite hostname="DESKTOP-FKH366F" failures="0" tests="6" name="com.orion.qa.testcases.Test_NewTimeSheet_SaveFunctionality" time="12.241" errors="0" timestamp="22 Jun 2018 15:44:43 GMT" skipped="0">
  <testcase classname="com.orion.qa.testcases.Test_NewTimeSheet_SaveFunctionality" name="Test_LoginToOrion_IsSuccess" time="1.810"/>
  <testcase classname="com.orion.qa.testcases.Test_NewTimeSheet_SaveFunctionality" name="Test_IfNewTimeSheetPage_Isdisplayed" time="1.807"/>
  <testcase classname="com.orion.qa.testcases.Test_NewTimeSheet_SaveFunctionality" name="Test_IfSaveMessage_IsDisplayed" time="3.597"/>
  <testcase classname="com.orion.qa.testcases.Test_NewTimeSheet_SaveFunctionality" name="Test_VerifyTimeSheetMainPageisDisplayed" time="0.431"/>
  <testcase classname="com.orion.qa.testcases.Test_NewTimeSheet_SaveFunctionality" name="Test_IfDataSavedCorrectly" time="4.182"/>
  <testcase classname="com.orion.qa.testcases.Test_NewTimeSheet_SaveFunctionality" name="Test_LogoutfromOrion_IsSuccess" time="0.414"/>
</testsuite> <!-- com.orion.qa.testcases.Test_NewTimeSheet_SaveFunctionality -->
