<?xml version="1.0" encoding="UTF-8"?>
<!-- Generated by org.testng.reporters.JUnitReportReporter -->
<testsuite hostname="DESKTOP-FKH366F" failures="0" tests="5" name="com.orion.qa.testcases.Test_ApprovedTimeSheet_CancelFunctionality" time="16.076" errors="0" timestamp="09 May 2018 13:41:48 GMT" skipped="0">
  <testcase classname="com.orion.qa.testcases.Test_ApprovedTimeSheet_CancelFunctionality" name="Test_LoginToOrion_IsSuccess" time="1.203"/>
  <testcase classname="com.orion.qa.testcases.Test_ApprovedTimeSheet_CancelFunctionality" name="Test_IfEditTimeSheetPage_Isdisplayed" time="3.480"/>
  <testcase classname="com.orion.qa.testcases.Test_ApprovedTimeSheet_CancelFunctionality" name="Test_EditTimesheetScreenComponents_AreDisabled" time="10.154"/>
  <testcase classname="com.orion.qa.testcases.Test_ApprovedTimeSheet_CancelFunctionality" name="Test_ClickCancelExists" time="0.402"/>
  <testcase classname="com.orion.qa.testcases.Test_ApprovedTimeSheet_CancelFunctionality" name="Test_LogoutfromOrion_IsSuccess" time="0.837"/>
</testsuite> <!-- com.orion.qa.testcases.Test_ApprovedTimeSheet_CancelFunctionality -->
