<?xml version="1.0" encoding="UTF-8"?>
<!-- Generated by org.testng.reporters.JUnitReportReporter -->
<testsuite hostname="DESKTOP-FKH366F" failures="0" tests="4" name="com.orion.qa.testcases.Test_ApprovedTimeSheet_SubmitFunctionality" time="34.204" errors="0" timestamp="25 Apr 2018 16:49:28 GMT" skipped="0">
  <testcase classname="com.orion.qa.testcases.Test_ApprovedTimeSheet_SubmitFunctionality" name="Test_LoginToOrion_IsSuccess" time="1.027"/>
  <testcase classname="com.orion.qa.testcases.Test_ApprovedTimeSheet_SubmitFunctionality" name="Test_IfEditTimeSheetPage_Isdisplayed" time="2.540"/>
  <testcase classname="com.orion.qa.testcases.Test_ApprovedTimeSheet_SubmitFunctionality" name="Test_SubmitButton_IsDisplayed" time="30.118"/>
  <testcase classname="com.orion.qa.testcases.Test_ApprovedTimeSheet_SubmitFunctionality" name="Test_LogoutfromOrion_IsSuccess" time="0.519"/>
</testsuite> <!-- com.orion.qa.testcases.Test_ApprovedTimeSheet_SubmitFunctionality -->
