<?xml version="1.0" encoding="UTF-8"?>
<!-- Generated by org.testng.reporters.JUnitReportReporter -->
<testsuite hostname="DESKTOP-FKH366F" failures="0" tests="4" name="com.orion.qa.testcases.Test_DraftTimeSheet_CancelFunctionality" time="12.004" errors="0" timestamp="25 Apr 2018 19:22:50 GMT" skipped="0">
  <testcase classname="com.orion.qa.testcases.Test_DraftTimeSheet_CancelFunctionality" name="Test_LoginToOrion_IsSuccess" time="1.989"/>
  <testcase classname="com.orion.qa.testcases.Test_DraftTimeSheet_CancelFunctionality" name="Test_IfEditTimeSheetPage_Isdisplayed" time="2.813"/>
  <testcase classname="com.orion.qa.testcases.Test_DraftTimeSheet_CancelFunctionality" name="Test_IfDatanotSaved" time="6.384"/>
  <testcase classname="com.orion.qa.testcases.Test_DraftTimeSheet_CancelFunctionality" name="Test_LogoutfromOrion_IsSuccess" time="0.818"/>
</testsuite> <!-- com.orion.qa.testcases.Test_DraftTimeSheet_CancelFunctionality -->
