<?xml version="1.0" encoding="UTF-8"?>
<!-- Generated by org.testng.reporters.JUnitReportReporter -->
<testsuite hostname="DESKTOP-FKH366F" failures="0" tests="5" name="com.orion.qa.testcases.Test_NewTimeSheet_SubmitFunctionality" time="11.128" errors="0" timestamp="23 May 2018 17:50:02 GMT" skipped="0">
  <testcase classname="com.orion.qa.testcases.Test_NewTimeSheet_SubmitFunctionality" name="Test_LoginToOrion_IsSuccess" time="0.793"/>
  <testcase classname="com.orion.qa.testcases.Test_NewTimeSheet_SubmitFunctionality" name="Test_IfNewTimeSheetPage_Isdisplayed" time="1.229"/>
  <testcase classname="com.orion.qa.testcases.Test_NewTimeSheet_SubmitFunctionality" name="Test_IfSubmitMessage_IsDisplayed" time="4.413"/>
  <testcase classname="com.orion.qa.testcases.Test_NewTimeSheet_SubmitFunctionality" name="Test_IfDataSubmittedCorrectly" time="3.972"/>
  <testcase classname="com.orion.qa.testcases.Test_NewTimeSheet_SubmitFunctionality" name="Test_LogoutfromOrion_IsSuccess" time="0.721"/>
</testsuite> <!-- com.orion.qa.testcases.Test_NewTimeSheet_SubmitFunctionality -->
