<?xml version="1.0" encoding="UTF-8"?>
<!-- Generated by org.testng.reporters.JUnitReportReporter -->
<testsuite hostname="DESKTOP-FKH366F" failures="0" tests="4" name="com.orion.qa.testcases.Test_RejectedTimeSheet_SaveFunctionality" time="33.793" errors="0" timestamp="25 Apr 2018 15:48:44 GMT" skipped="0">
  <testcase classname="com.orion.qa.testcases.Test_RejectedTimeSheet_SaveFunctionality" name="Test_LoginToOrion_IsSuccess" time="1.569"/>
  <testcase classname="com.orion.qa.testcases.Test_RejectedTimeSheet_SaveFunctionality" name="Test_IfEditTimeSheetPage_Isdisplayed" time="1.535"/>
  <testcase classname="com.orion.qa.testcases.Test_RejectedTimeSheet_SaveFunctionality" name="Test_SaveButton_IsDisplayed" time="30.120"/>
  <testcase classname="com.orion.qa.testcases.Test_RejectedTimeSheet_SaveFunctionality" name="Test_LogoutfromOrion_IsSuccess" time="0.569"/>
</testsuite> <!-- com.orion.qa.testcases.Test_RejectedTimeSheet_SaveFunctionality -->
