<?xml version="1.0" encoding="UTF-8"?>
<!-- Generated by org.testng.reporters.JUnitReportReporter -->
<testsuite hostname="DESKTOP-FKH366F" failures="0" tests="5" name="com.orion.qa.testcases.Test_RejectedTimeSheet_SubmitFunctionality" time="10.059" errors="0" timestamp="17 May 2018 18:04:02 GMT" skipped="0">
  <testcase classname="com.orion.qa.testcases.Test_RejectedTimeSheet_SubmitFunctionality" name="Test_LoginToOrion_IsSuccess" time="0.850"/>
  <testcase classname="com.orion.qa.testcases.Test_RejectedTimeSheet_SubmitFunctionality" name="Test_IfEditTimeSheetPage_Isdisplayed" time="1.520"/>
  <testcase classname="com.orion.qa.testcases.Test_RejectedTimeSheet_SubmitFunctionality" name="Test_IfSubmitMessage_IsDisplayed" time="5.455"/>
  <testcase classname="com.orion.qa.testcases.Test_RejectedTimeSheet_SubmitFunctionality" name="Test_IfDataSavedCorrectly" time="1.786"/>
  <testcase classname="com.orion.qa.testcases.Test_RejectedTimeSheet_SubmitFunctionality" name="Test_LogoutfromOrion_IsSuccess" time="0.448"/>
</testsuite> <!-- com.orion.qa.testcases.Test_RejectedTimeSheet_SubmitFunctionality -->
