<?xml version="1.0" encoding="UTF-8"?>
<!-- Generated by org.testng.reporters.JUnitReportReporter -->
<testsuite hostname="DESKTOP-FKH366F" failures="0" tests="7" name="com.orion.qa.testcases.Test_SubmittedTimeSheet_SaveFunctionality" time="34.469" errors="0" timestamp="25 Apr 2018 16:04:32 GMT" skipped="0">
  <testcase classname="com.orion.qa.testcases.Test_SubmittedTimeSheet_SaveFunctionality" name="Test_LoginToOrion_IsSuccess" time="0.952"/>
  <testcase classname="com.orion.qa.testcases.Test_SubmittedTimeSheet_SaveFunctionality" name="Test_IfEditTimeSheetPage_Isdisplayed" time="2.433"/>
  <testcase classname="com.orion.qa.testcases.Test_SubmittedTimeSheet_SaveFunctionality" name="Test_VerifyUserCanEnterTime" time="0.088"/>
  <testcase classname="com.orion.qa.testcases.Test_SubmittedTimeSheet_SaveFunctionality" name="Test_VerifyUserAddAttachment" time="0.093"/>
  <testcase classname="com.orion.qa.testcases.Test_SubmittedTimeSheet_SaveFunctionality" name="Test_VerifyUserAddcomment" time="0.049"/>
  <testcase classname="com.orion.qa.testcases.Test_SubmittedTimeSheet_SaveFunctionality" name="Test_SaveButton_IsDisplayed" time="30.080"/>
  <testcase classname="com.orion.qa.testcases.Test_SubmittedTimeSheet_SaveFunctionality" name="Test_LogoutfromOrion_IsSuccess" time="0.774"/>
</testsuite> <!-- com.orion.qa.testcases.Test_SubmittedTimeSheet_SaveFunctionality -->
