<?xml version="1.0" encoding="UTF-8"?>
<!-- Generated by org.testng.reporters.JUnitReportReporter -->
<testsuite hostname="DESKTOP-FKH366F" failures="0" tests="4" name="com.orion.qa.testcases.Test_RejectedTimeSheet_CancelFunctionality" time="7.333" errors="0" timestamp="25 Apr 2018 15:47:33 GMT" skipped="0">
  <testcase classname="com.orion.qa.testcases.Test_RejectedTimeSheet_CancelFunctionality" name="Test_LoginToOrion_IsSuccess" time="0.716"/>
  <testcase classname="com.orion.qa.testcases.Test_RejectedTimeSheet_CancelFunctionality" name="Test_IfEditTimeSheetPage_Isdisplayed" time="2.489"/>
  <testcase classname="com.orion.qa.testcases.Test_RejectedTimeSheet_CancelFunctionality" name="Test_IfDatanotSaved" time="3.684"/>
  <testcase classname="com.orion.qa.testcases.Test_RejectedTimeSheet_CancelFunctionality" name="Test_LogoutfromOrion_IsSuccess" time="0.444"/>
</testsuite> <!-- com.orion.qa.testcases.Test_RejectedTimeSheet_CancelFunctionality -->
