<?xml version="1.0" encoding="UTF-8"?>
<!-- Generated by org.testng.reporters.JUnitReportReporter -->
<testsuite hostname="DESKTOP-FKH366F" failures="0" tests="5" name="com.orion.qa.testcases.Test_NewTimeSheet_SaveFunctionality" time="18.543" errors="0" timestamp="17 Apr 2018 20:23:50 GMT" skipped="0">
  <testcase classname="com.orion.qa.testcases.Test_NewTimeSheet_SaveFunctionality" name="Test_LoginToOrion_IsSuccess" time="0.783"/>
  <testcase classname="com.orion.qa.testcases.Test_NewTimeSheet_SaveFunctionality" name="Test_IfNewTimeSheetPage_Isdisplayed" time="1.898"/>
  <testcase classname="com.orion.qa.testcases.Test_NewTimeSheet_SaveFunctionality" name="Test_IfSaveMessage_IsDisplayed" time="2.969"/>
  <testcase classname="com.orion.qa.testcases.Test_NewTimeSheet_SaveFunctionality" name="Test_IfDataSavedCorrectly" time="12.444"/>
  <testcase classname="com.orion.qa.testcases.Test_NewTimeSheet_SaveFunctionality" name="Test_LogoutfromOrion_IsSuccess" time="0.449"/>
</testsuite> <!-- com.orion.qa.testcases.Test_NewTimeSheet_SaveFunctionality -->
