<?xml version="1.0" encoding="UTF-8"?>
<!-- Generated by org.testng.reporters.JUnitReportReporter -->
<testsuite hostname="DESKTOP-FKH366F" failures="0" tests="1" name="com.orion.qa.testcases.LinuxTest" time="8.673" errors="0" timestamp="02 May 2018 15:29:43 GMT" skipped="0">
  <testcase classname="com.orion.qa.testcases.LinuxTest" name="verifyURL" time="8.673"/>
</testsuite> <!-- com.orion.qa.testcases.LinuxTest -->
