<?xml version="1.0" encoding="UTF-8"?>
<!-- Generated by org.testng.reporters.JUnitReportReporter -->
<testsuite hostname="DESKTOP-FKH366F" failures="0" tests="5" name="com.orion.qa.testcases.Test_NewTimeSheet_SubmitFunctionality" time="41.481" errors="0" timestamp="26 Apr 2018 14:29:33 GMT" skipped="0">
  <testcase classname="com.orion.qa.testcases.Test_NewTimeSheet_SubmitFunctionality" name="Test_LoginToOrion_IsSuccess" time="1.775"/>
  <testcase classname="com.orion.qa.testcases.Test_NewTimeSheet_SubmitFunctionality" name="Test_IfNewTimeSheetPage_Isdisplayed" time="1.311"/>
  <testcase classname="com.orion.qa.testcases.Test_NewTimeSheet_SubmitFunctionality" name="Test_IfSubmitMessage_IsDisplayed" time="4.857"/>
  <testcase classname="com.orion.qa.testcases.Test_NewTimeSheet_SubmitFunctionality" name="Test_IfDataSubmittedCorrectly" time="33.132"/>
  <testcase classname="com.orion.qa.testcases.Test_NewTimeSheet_SubmitFunctionality" name="Test_LogoutfromOrion_IsSuccess" time="0.406"/>
</testsuite> <!-- com.orion.qa.testcases.Test_NewTimeSheet_SubmitFunctionality -->
