<?xml version="1.0" encoding="UTF-8"?>
<!-- Generated by org.testng.reporters.JUnitReportReporter -->
<testsuite hostname="DESKTOP-FKH366F" failures="0" tests="6" name="com.orion.qa.testcases.Test_PreApprovedTimeSheet_CancelFunctionality" time="35.406" errors="0" timestamp="26 Apr 2018 19:55:36 GMT" skipped="0">
  <testcase classname="com.orion.qa.testcases.Test_PreApprovedTimeSheet_CancelFunctionality" name="Test_LoginToOrion_IsSuccess" time="1.725"/>
  <testcase classname="com.orion.qa.testcases.Test_PreApprovedTimeSheet_CancelFunctionality" name="Test_IfEditTimeSheetPage_Isdisplayed" time="1.366"/>
  <testcase classname="com.orion.qa.testcases.Test_PreApprovedTimeSheet_CancelFunctionality" name="Test_CancelButton_IsDisplayed" time="0.073"/>
  <testcase classname="com.orion.qa.testcases.Test_PreApprovedTimeSheet_CancelFunctionality" name="Test_CancelButton_InjectTestDataandVerify" time="1.222"/>
  <testcase classname="com.orion.qa.testcases.Test_PreApprovedTimeSheet_CancelFunctionality" name="Test_IfUpdatedDataisCancelled" time="30.476"/>
  <testcase classname="com.orion.qa.testcases.Test_PreApprovedTimeSheet_CancelFunctionality" name="Test_LogoutfromOrion_IsSuccess" time="0.544"/>
</testsuite> <!-- com.orion.qa.testcases.Test_PreApprovedTimeSheet_CancelFunctionality -->
