<?xml version="1.0" encoding="UTF-8"?>
<!-- Generated by org.testng.reporters.JUnitReportReporter -->
<testsuite hostname="DESKTOP-FKH366F" failures="0" tests="6" name="com.orion.qa.testcases.Test_PreApprovedTimeSheet_CancelFunctionality" time="5.840" errors="0" timestamp="09 May 2018 16:36:28 GMT" skipped="0">
  <testcase classname="com.orion.qa.testcases.Test_PreApprovedTimeSheet_CancelFunctionality" name="Test_LoginToOrion_IsSuccess" time="1.179"/>
  <testcase classname="com.orion.qa.testcases.Test_PreApprovedTimeSheet_CancelFunctionality" name="Test_IfEditTimeSheetPage_Isdisplayed" time="2.300"/>
  <testcase classname="com.orion.qa.testcases.Test_PreApprovedTimeSheet_CancelFunctionality" name="Test_CancelButton_IsDisplayed" time="0.069"/>
  <testcase classname="com.orion.qa.testcases.Test_PreApprovedTimeSheet_CancelFunctionality" name="Test_CancelButton_InjectTestDataandVerify" time="1.305"/>
  <testcase classname="com.orion.qa.testcases.Test_PreApprovedTimeSheet_CancelFunctionality" name="Test_IfUpdatedDataisCancelled" time="0.532"/>
  <testcase classname="com.orion.qa.testcases.Test_PreApprovedTimeSheet_CancelFunctionality" name="Test_LogoutfromOrion_IsSuccess" time="0.455"/>
</testsuite> <!-- com.orion.qa.testcases.Test_PreApprovedTimeSheet_CancelFunctionality -->
