<?xml version="1.0" encoding="UTF-8"?>
<!-- Generated by org.testng.reporters.JUnitReportReporter -->
<testsuite hostname="DESKTOP-FKH366F" failures="0" tests="7" name="com.orion.qa.testcases.Test_PreApprovedTimeSheet_SubmitFunctionality" time="17.054" errors="0" timestamp="25 Apr 2018 19:58:41 GMT" skipped="0">
  <testcase classname="com.orion.qa.testcases.Test_PreApprovedTimeSheet_SubmitFunctionality" name="Test_LoginToOrion_IsSuccess" time="1.042"/>
  <testcase classname="com.orion.qa.testcases.Test_PreApprovedTimeSheet_SubmitFunctionality" name="Test_IfEditTimeSheetPage_Isdisplayed" time="1.486"/>
  <testcase classname="com.orion.qa.testcases.Test_PreApprovedTimeSheet_SubmitFunctionality" name="Test_SubmitButton_IsDisplayed" time="0.056"/>
  <testcase classname="com.orion.qa.testcases.Test_PreApprovedTimeSheet_SubmitFunctionality" name="Test_VerifyGridisDisabled" time="0.037"/>
  <testcase classname="com.orion.qa.testcases.Test_PreApprovedTimeSheet_SubmitFunctionality" name="Test_SubmitButton_InjectTestDataandVerify" time="3.185"/>
  <testcase classname="com.orion.qa.testcases.Test_PreApprovedTimeSheet_SubmitFunctionality" name="Test_IfUpdatedDataisSubmitted" time="10.783"/>
  <testcase classname="com.orion.qa.testcases.Test_PreApprovedTimeSheet_SubmitFunctionality" name="Test_LogoutfromOrion_IsSuccess" time="0.465"/>
</testsuite> <!-- com.orion.qa.testcases.Test_PreApprovedTimeSheet_SubmitFunctionality -->
