<?xml version="1.0" encoding="UTF-8"?>
<!-- Generated by org.testng.reporters.JUnitReportReporter -->
<testsuite hostname="DESKTOP-FKH366F" failures="0" tests="7" name="com.orion.qa.testcases.Test_SubmittedTimeSheet_SubmitFunctionality" time="34.131" errors="0" timestamp="25 Apr 2018 16:09:25 GMT" skipped="0">
  <testcase classname="com.orion.qa.testcases.Test_SubmittedTimeSheet_SubmitFunctionality" name="Test_LoginToOrion_IsSuccess" time="1.779"/>
  <testcase classname="com.orion.qa.testcases.Test_SubmittedTimeSheet_SubmitFunctionality" name="Test_IfEditTimeSheetPage_Isdisplayed" time="1.476"/>
  <testcase classname="com.orion.qa.testcases.Test_SubmittedTimeSheet_SubmitFunctionality" name="Test_VerifyUserCanEnterTime" time="0.047"/>
  <testcase classname="com.orion.qa.testcases.Test_SubmittedTimeSheet_SubmitFunctionality" name="Test_VerifyUserAddAttachment" time="0.061"/>
  <testcase classname="com.orion.qa.testcases.Test_SubmittedTimeSheet_SubmitFunctionality" name="Test_VerifyUserAddcomment" time="0.052"/>
  <testcase classname="com.orion.qa.testcases.Test_SubmittedTimeSheet_SubmitFunctionality" name="Test_SubmitButton_IsDisplayed" time="30.075"/>
  <testcase classname="com.orion.qa.testcases.Test_SubmittedTimeSheet_SubmitFunctionality" name="Test_LogoutfromOrion_IsSuccess" time="0.641"/>
</testsuite> <!-- com.orion.qa.testcases.Test_SubmittedTimeSheet_SubmitFunctionality -->
