<?xml version="1.0" encoding="UTF-8"?>
<!-- Generated by org.testng.reporters.JUnitReportReporter -->
<testsuite hostname="DESKTOP-FKH366F" failures="0" tests="2" name="com.orion.qa.testcases.LinuxTest" time="1.345" errors="0" timestamp="03 May 2018 15:48:35 GMT" skipped="0">
  <testcase classname="com.orion.qa.testcases.LinuxTest" name="log4jMethod" time="0.033"/>
  <testcase classname="com.orion.qa.testcases.LinuxTest" name="verifyURL" time="1.312"/>
</testsuite> <!-- com.orion.qa.testcases.LinuxTest -->
