<?xml version="1.0" encoding="UTF-8"?>
<!-- Generated by org.testng.reporters.JUnitReportReporter -->
<testsuite hostname="DESKTOP-FKH366F" failures="0" tests="7" name="com.orion.qa.testcases.Test_PreApprovedTimeSheet_SubmitFunctionality" time="9.966" errors="0" timestamp="17 May 2018 19:13:16 GMT" skipped="0">
  <testcase classname="com.orion.qa.testcases.Test_PreApprovedTimeSheet_SubmitFunctionality" name="Test_LoginToOrion_IsSuccess" time="1.044"/>
  <testcase classname="com.orion.qa.testcases.Test_PreApprovedTimeSheet_SubmitFunctionality" name="Test_IfEditTimeSheetPage_Isdisplayed" time="1.531"/>
  <testcase classname="com.orion.qa.testcases.Test_PreApprovedTimeSheet_SubmitFunctionality" name="Test_SubmitButton_IsDisplayed" time="0.052"/>
  <testcase classname="com.orion.qa.testcases.Test_PreApprovedTimeSheet_SubmitFunctionality" name="Test_VerifyGridisDisabled" time="0.035"/>
  <testcase classname="com.orion.qa.testcases.Test_PreApprovedTimeSheet_SubmitFunctionality" name="Test_SubmitButton_InjectTestDataandVerify" time="3.340"/>
  <testcase classname="com.orion.qa.testcases.Test_PreApprovedTimeSheet_SubmitFunctionality" name="Test_IfUpdatedDataisSubmitted" time="3.489"/>
  <testcase classname="com.orion.qa.testcases.Test_PreApprovedTimeSheet_SubmitFunctionality" name="Test_LogoutfromOrion_IsSuccess" time="0.475"/>
</testsuite> <!-- com.orion.qa.testcases.Test_PreApprovedTimeSheet_SubmitFunctionality -->
