<?xml version="1.0" encoding="UTF-8"?>
<!-- Generated by org.testng.reporters.JUnitReportReporter -->
<testsuite hostname="DESKTOP-FKH366F" failures="0" tests="1" name="com.orion.qa.testcases.WinTest" time="30.890" errors="0" timestamp="07 May 2018 14:03:42 GMT" skipped="0">
  <testcase classname="com.orion.qa.testcases.WinTest" name="downloadfile" time="30.890"/>
</testsuite> <!-- com.orion.qa.testcases.WinTest -->
