<?xml version="1.0" encoding="UTF-8"?>
<!-- Generated by org.testng.reporters.JUnitReportReporter -->
<testsuite hostname="DESKTOP-FKH366F" failures="0" tests="4" name="com.orion.qa.testcases.Test_NewTimeSheet_CancelFunctionality" time="35.303" errors="0" timestamp="17 Apr 2018 20:23:50 GMT" skipped="0">
  <testcase classname="com.orion.qa.testcases.Test_NewTimeSheet_CancelFunctionality" name="Test_LoginToOrion_IsSuccess" time="0.873"/>
  <testcase classname="com.orion.qa.testcases.Test_NewTimeSheet_CancelFunctionality" name="Test_IfNewTimeSheetPage_Isdisplayed" time="2.187"/>
  <testcase classname="com.orion.qa.testcases.Test_NewTimeSheet_CancelFunctionality" name="Test_IfDatanotSaved" time="31.728"/>
  <testcase classname="com.orion.qa.testcases.Test_NewTimeSheet_CancelFunctionality" name="Test_LogoutfromOrion_IsSuccess" time="0.515"/>
</testsuite> <!-- com.orion.qa.testcases.Test_NewTimeSheet_CancelFunctionality -->
