<?xml version="1.0" encoding="UTF-8"?>
<!-- Generated by org.testng.reporters.JUnitReportReporter -->
<testsuite hostname="DESKTOP-FKH366F" failures="0" tests="5" name="com.orion.qa.testcases.Test_NewTimeSheet_SubmitFunctionality" time="23.575" errors="0" timestamp="02 May 2018 19:24:22 GMT" skipped="0">
  <testcase classname="com.orion.qa.testcases.Test_NewTimeSheet_SubmitFunctionality" name="Test_LoginToOrion_IsSuccess" time="1.652"/>
  <testcase classname="com.orion.qa.testcases.Test_NewTimeSheet_SubmitFunctionality" name="Test_IfNewTimeSheetPage_Isdisplayed" time="1.240"/>
  <testcase classname="com.orion.qa.testcases.Test_NewTimeSheet_SubmitFunctionality" name="Test_IfSubmitMessage_IsDisplayed" time="4.533"/>
  <testcase classname="com.orion.qa.testcases.Test_NewTimeSheet_SubmitFunctionality" name="Test_IfDataSubmittedCorrectly" time="15.693"/>
  <testcase classname="com.orion.qa.testcases.Test_NewTimeSheet_SubmitFunctionality" name="Test_LogoutfromOrion_IsSuccess" time="0.457"/>
</testsuite> <!-- com.orion.qa.testcases.Test_NewTimeSheet_SubmitFunctionality -->
