<?xml version="1.0" encoding="UTF-8"?>
<!-- Generated by org.testng.reporters.JUnitReportReporter -->
<testsuite hostname="DESKTOP-FKH366F" failures="0" tests="5" name="com.orion.qa.testcases.Test_DraftTimeSheet_SaveFunctionality" time="9.709" errors="0" timestamp="17 May 2018 16:00:08 GMT" skipped="0">
  <testcase classname="com.orion.qa.testcases.Test_DraftTimeSheet_SaveFunctionality" name="Test_LoginToOrion_IsSuccess" time="0.913"/>
  <testcase classname="com.orion.qa.testcases.Test_DraftTimeSheet_SaveFunctionality" name="Test_IfEditTimeSheetPage_Isdisplayed" time="1.563"/>
  <testcase classname="com.orion.qa.testcases.Test_DraftTimeSheet_SaveFunctionality" name="Test_IfSaveMessage_IsDisplayed" time="4.764"/>
  <testcase classname="com.orion.qa.testcases.Test_DraftTimeSheet_SaveFunctionality" name="Test_IfDataSavedCorrectly" time="2.016"/>
  <testcase classname="com.orion.qa.testcases.Test_DraftTimeSheet_SaveFunctionality" name="Test_LogoutfromOrion_IsSuccess" time="0.453"/>
</testsuite> <!-- com.orion.qa.testcases.Test_DraftTimeSheet_SaveFunctionality -->
