<?xml version="1.0" encoding="UTF-8"?>
<!-- Generated by org.testng.reporters.JUnitReportReporter -->
<testsuite hostname="DESKTOP-FKH366F" failures="0" tests="7" name="com.orion.qa.testcases.Test_SubmittedTimeSheet_SaveFunctionality" time="43.788" errors="0" timestamp="20 Apr 2018 16:47:23 GMT" skipped="0">
  <testcase classname="com.orion.qa.testcases.Test_SubmittedTimeSheet_SaveFunctionality" name="Test_LoginToOrion_IsSuccess" time="1.591"/>
  <testcase classname="com.orion.qa.testcases.Test_SubmittedTimeSheet_SaveFunctionality" name="Test_IfEditTimeSheetPage_Isdisplayed" time="1.394"/>
  <testcase classname="com.orion.qa.testcases.Test_SubmittedTimeSheet_SaveFunctionality" name="Test_VerifyUserCanEnterTime" time="0.047"/>
  <testcase classname="com.orion.qa.testcases.Test_SubmittedTimeSheet_SaveFunctionality" name="Test_VerifyUserAddAttachment" time="0.138"/>
  <testcase classname="com.orion.qa.testcases.Test_SubmittedTimeSheet_SaveFunctionality" name="Test_VerifyUserAddcomment" time="0.079"/>
  <testcase classname="com.orion.qa.testcases.Test_SubmittedTimeSheet_SaveFunctionality" name="Test_SaveButton_IsDisplayed" time="30.073"/>
  <testcase classname="com.orion.qa.testcases.Test_SubmittedTimeSheet_SaveFunctionality" name="Test_LogoutfromOrion_IsSuccess" time="10.466"/>
</testsuite> <!-- com.orion.qa.testcases.Test_SubmittedTimeSheet_SaveFunctionality -->
