<?xml version="1.0" encoding="UTF-8"?>
<!-- Generated by org.testng.reporters.JUnitReportReporter -->
<testsuite hostname="DESKTOP-FKH366F" failures="0" tests="4" name="com.orion.qa.testcases.Test_ApprovedTimeSheet_SubmitFunctionality" time="32.909" errors="0" timestamp="17 May 2018 19:41:21 GMT" skipped="0">
  <testcase classname="com.orion.qa.testcases.Test_ApprovedTimeSheet_SubmitFunctionality" name="Test_LoginToOrion_IsSuccess" time="0.881"/>
  <testcase classname="com.orion.qa.testcases.Test_ApprovedTimeSheet_SubmitFunctionality" name="Test_IfEditTimeSheetPage_Isdisplayed" time="1.531"/>
  <testcase classname="com.orion.qa.testcases.Test_ApprovedTimeSheet_SubmitFunctionality" name="Test_SubmitButton_IsDisplayed" time="30.073"/>
  <testcase classname="com.orion.qa.testcases.Test_ApprovedTimeSheet_SubmitFunctionality" name="Test_LogoutfromOrion_IsSuccess" time="0.424"/>
</testsuite> <!-- com.orion.qa.testcases.Test_ApprovedTimeSheet_SubmitFunctionality -->
