<?xml version="1.0" encoding="UTF-8"?>
<!-- Generated by org.testng.reporters.JUnitReportReporter -->
<testsuite hostname="DESKTOP-FKH366F" failures="0" tests="4" name="com.orion.qa.testcases.Test_RejectedTimeSheet_SaveFunctionality" time="33.675" errors="0" timestamp="26 Apr 2018 19:47:41 GMT" skipped="0">
  <testcase classname="com.orion.qa.testcases.Test_RejectedTimeSheet_SaveFunctionality" name="Test_LoginToOrion_IsSuccess" time="1.649"/>
  <testcase classname="com.orion.qa.testcases.Test_RejectedTimeSheet_SaveFunctionality" name="Test_IfEditTimeSheetPage_Isdisplayed" time="1.457"/>
  <testcase classname="com.orion.qa.testcases.Test_RejectedTimeSheet_SaveFunctionality" name="Test_SaveButton_IsDisplayed" time="30.059"/>
  <testcase classname="com.orion.qa.testcases.Test_RejectedTimeSheet_SaveFunctionality" name="Test_LogoutfromOrion_IsSuccess" time="0.510"/>
</testsuite> <!-- com.orion.qa.testcases.Test_RejectedTimeSheet_SaveFunctionality -->
