<?xml version="1.0" encoding="UTF-8"?>
<!-- Generated by org.testng.reporters.JUnitReportReporter -->
<testsuite hostname="DESKTOP-FKH366F" failures="0" tests="4" name="com.orion.qa.testcases.Test_PreApprovedTimeSheet_SaveFunctionality" time="37.684" errors="0" timestamp="21 Jun 2018 17:15:33 GMT" skipped="0">
  <testcase classname="com.orion.qa.testcases.Test_PreApprovedTimeSheet_SaveFunctionality" name="Test_LoginToOrion_IsSuccess" time="1.503"/>
  <testcase classname="com.orion.qa.testcases.Test_PreApprovedTimeSheet_SaveFunctionality" name="Test_IfEditTimeSheetPage_Isdisplayed" time="5.264"/>
  <testcase classname="com.orion.qa.testcases.Test_PreApprovedTimeSheet_SaveFunctionality" name="Test_SaveButton_IsDisplayed" time="30.082"/>
  <testcase classname="com.orion.qa.testcases.Test_PreApprovedTimeSheet_SaveFunctionality" name="Test_LogoutfromOrion_IsSuccess" time="0.835"/>
</testsuite> <!-- com.orion.qa.testcases.Test_PreApprovedTimeSheet_SaveFunctionality -->
