<?xml version="1.0" encoding="UTF-8"?>
<!-- Generated by org.testng.reporters.JUnitReportReporter -->
<testsuite hostname="DESKTOP-FKH366F" failures="0" tests="1" name="com.orion.qa.testcases.WinTest" time="27.446" errors="0" timestamp="09 May 2018 21:14:38 GMT" skipped="0">
  <testcase classname="com.orion.qa.testcases.WinTest" name="downloadfile" time="27.446"/>
</testsuite> <!-- com.orion.qa.testcases.WinTest -->
